|SourceProjectName:Scripture Forge V2 Help.hpr
|DestinationProjectName:index.htm
index_hha.hhk
index.hhc
index.hhk
Concepts\Avatar.htm
Concepts\Book.htm
Concepts\Comment.htm
Concepts\Community_Checking.htm
Concepts\Concepts_overview.htm
Concepts\Input_System.htm
Concepts\Likes.htm
Concepts\Question_and_Answer.htm
Concepts\Roles.htm
Concepts\Save.htm
Concepts\Segment.htm
Concepts\Send_Receive.htm
Concepts\Suggestions.htm
Concepts\Translation.htm
Overview\Copyright_and_license.htm
Overview\Frequently_Asked_Questions.htm
Overview\Get_More_Help.htm
Overview\Getting_Started.htm
Overview\Scripture_Forge_overview.htm
Tasks\Administrator_tasks\Add_a_question.htm
Tasks\Administrator_tasks\Administrator_tasks_overview.htm
Tasks\Administrator_tasks\Archive_republish_a_question.htm
Tasks\Administrator_tasks\Connect_project.htm
Tasks\Administrator_tasks\Delete_a_project.htm
Tasks\Administrator_tasks\Delete_a_question.htm
Tasks\Administrator_tasks\Edit_a_question.htm
Tasks\Administrator_tasks\Record_or_upload_a_question.htm
Tasks\Administrator_tasks\Review_translation_progress.htm
Tasks\Administrator_tasks\Set_up_project_tools.htm
Tasks\Administrator_tasks\Start_from_the_beginning.htm
Tasks\Administrator_tasks\Synchronize.htm
Tasks\Administrator_tasks\Users_overview.htm
Tasks\Basic_tasks\Basic_tasks_overview.htm
Tasks\Basic_tasks\Change_font_size.htm
Tasks\Basic_tasks\Choose_a_book.htm
Tasks\Basic_tasks\Choose_a_project.htm
Tasks\Basic_tasks\Choose_a_User_Interface_language.htm
Tasks\Basic_tasks\Log_in_Log_out.htm
Tasks\Basic_tasks\Open_Scripture_Forge_Help.htm
Tasks\Basic_tasks\Read_or_hear_an_answer.htm
Tasks\Basic_tasks\Receive_text_updates.htm
Tasks\Basic_tasks\Share_with_others.htm
Tasks\Basic_tasks\Sign_Up.htm
Tasks\Basic_tasks\Update_your_name.htm
Tasks\Community_Checking_tasks\Add_a_comment.htm
Tasks\Community_Checking_tasks\Add_an_answer.htm
Tasks\Community_Checking_tasks\Community_Checking_tasks_overview.htm
Tasks\Community_Checking_tasks\Delete_an_answer_or_comment.htm
Tasks\Community_Checking_tasks\Edit_an_answer_or_comment.htm
Tasks\Community_Checking_tasks\Like_an_answer.htm
Tasks\Community_Checking_tasks\Record_or_upload_an_answer.htm
Tasks\Community_Checking_tasks\Select_answer_text.htm
Tasks\Tasks_overview.htm
Tasks\Translate_tasks\Configure_translation_suggestions.htm
Tasks\Translate_tasks\Enable_or_disable_suggestions.htm
Tasks\Translate_tasks\Retrain_the_suggestion_engine.htm
Tasks\Translate_tasks\Swap_source_and_target.htm
Tasks\Translate_tasks\Translate.htm
Tasks\Translate_tasks\Translate_tasks_overview.htm
User_Interface\Dialog_boxes.htm
User_Interface\Keyboard_shortcuts.htm
User_Interface\Navigation_pane.htm
User_Interface\Toolbar.htm
User_Interface\Top_App_Bar.htm
User_Interface\User_Interface_overview.htm
template\Theme3_Black\jquery.js
template\Theme1_Standard\jquery.js
template\Theme1_Standard\jqueryui-custom.js
template\Theme3_Black\jqueryui-custom.js
template\Theme1_Standard\layout.js
template\Theme3_Black\layout.js
template\Theme3_Black\overthrow.min.js
template\Theme1_Standard\overthrow.min.js
template\Theme3_Black\overthrow.sidescroller.min.js
template\Theme1_Standard\overthrow.sidescroller.min.js
template\Charcoal_Grey\usersettings.js
template\Azure_Blue\usersettings.js
index.glo
Help.css
template\Theme3_Black\main.css
template\Theme3_Black\jqueryui-custom.css
template\Desktop_Knowledge_WithHomePage\Layout.css
template\Theme1_Standard\main.css
template\Theme1_Standard\jqueryui-custom.css
template\Azure_Blue\layout-rtl.css
template\Azure_Blue\layout.css
template\Charcoal_Grey\layout-rtl.css
template\Charcoal_Grey\layout.css
template\Charcoal_Grey\toc_topic_mobile.png
template\Azure_Blue\next_active.png
template\Azure_Blue\search_desktop_navigation.png
template\Azure_Blue\filter_desktop.png
template\Azure_Blue\search_mobile_active.png
template\Azure_Blue\next_mobile.png
template\Azure_Blue\filter_mobile_applied.png
template\Azure_Blue\filter_mark.png
template\Theme1_Standard\ui-icons_d8e7f3_256x240.png
template\Desktop_Knowledge_WithHomePage\BSNext.png
template\Desktop_Knowledge_WithHomePage\BSBack.png
template\Desktop_Knowledge_WithHomePage\Search.png
template\Theme3_Black\BSNext_hover.png
template\Theme3_Black\BSBack_hover.png
template\Theme3_Black\TOCTreeCloseBookHover.png
template\Theme3_Black\ui-bg_inset-hard_100_f5f8f9_1x100.png
template\Theme3_Black\ui-bg_inset-hard_100_fcfdfd_1x100.png
template\Theme3_Black\index_hover_buttonbar_small.png
User_Interface\RecordAnswer.png
template\Charcoal_Grey\remove.png
template\Charcoal_Grey\toc_book_closed_mobile_ltr.png
template\Charcoal_Grey\index_tab.png
template\Charcoal_Grey\filter_tab_applied_active.png
template\Charcoal_Grey\back_mobile_filter.png
template\Charcoal_Grey\toc_topic_desktop.png
template\Charcoal_Grey\toc_link_mobile_rtl.png
template\Azure_Blue\next.png
template\Azure_Blue\glossary_desktop.png
template\Azure_Blue\menu.png
template\Azure_Blue\filter_mark_radio.png
template\Azure_Blue\toc_topic_desktop.png
template\Theme1_Standard\topic_left.png
template\Theme1_Standard\searchNext.png
template\Theme1_Standard\searchBack.png
template\Theme1_Standard\select_button.png
template\Theme1_Standard\glo_buttonbar.png
template\Theme1_Standard\toc_buttonbar.png
template\Desktop_Knowledge_WithHomePage\TOCTreeOpenBookHover.png
template\Theme3_Black\BSNext.png
template\Theme3_Black\BSBack.png
template\Theme3_Black\Search.png
template\Theme3_Black\select_button.png
template\Theme3_Black\icon_back_small.png
template\Theme3_Black\switch.png
template\Theme3_Black\to_top.png
User_Interface\LanguageButton.png
User_Interface\AddQuestionBook.png
Tasks\Administrator_tasks\DownArrow.png
User_Interface\TranslateIcon.png
SIL_Logo.png
favicon.png
template\Charcoal_Grey\previous.png
template\Charcoal_Grey\previous_tab.png
template\Charcoal_Grey\index_mobile_active.png
template\Azure_Blue\remove.png
template\Azure_Blue\previous_active.png
template\Azure_Blue\filter_desktop_applied.png
template\Azure_Blue\index_desktop.png
template\Azure_Blue\filter_tab_applied.png
template\Azure_Blue\next_tab_active.png
template\Theme1_Standard\BSNext.png
template\Theme1_Standard\TOCTreeOpenBookSelected.png
template\Theme1_Standard\TOCTreeCloseBookSelected.png
template\Theme1_Standard\glo_buttonbar_small.png
template\Theme1_Standard\toc_buttonbar_small.png
template\Theme3_Black\TOCTreeLink.png
template\Theme3_Black\searchNext.png
template\Theme3_Black\TOCNodeLink.png
Tasks\Administrator_tasks\SelectedGreenRadioButton.png
User_Interface\RemoveUserX.png
User_Interface\PlayAudioAnswer.png
User_Interface\CommiunityCheckingIcon.png
RemoveAudioFile.png
template\Charcoal_Grey\toc_book_closed_desktop_ltr.png
template\Charcoal_Grey\search_desktop_active.png
template\Charcoal_Grey\slider_rtl.png
template\Charcoal_Grey\glossary_tab.png
template\Charcoal_Grey\toc_tab_active.png
template\Charcoal_Grey\search_mobile_navigation.png
template\Charcoal_Grey\search_mobile_navigation_active.png
template\Charcoal_Grey\toc_book_open_drildown.png
template\Charcoal_Grey\toc_book_closed_desktop_rtl.png
template\Azure_Blue\toc_link_desktop_ltr.png
template\Theme1_Standard\ui-bg_flat_0_aaaaaa_40x100.png
template\Theme1_Standard\TOCTreeCloseBook.png
template\Theme1_Standard\TOCNodeUp.png
template\Theme1_Standard\TOCNodeCloseBook.png
template\Theme1_Standard\search_buttonbar.png
template\Theme1_Standard\index_buttonbar.png
template\Desktop_Knowledge_WithHomePage\TOCTreeLinkSelected.png
template\Desktop_Knowledge_WithHomePage\TOCTreePageSelected.png
template\Desktop_Knowledge_WithHomePage\TOCTreeCloseBookSelected.png
template\Theme3_Black\animated-overlay.gif
User_Interface\Questions_BLUE.png
CommiunityCheckingIcon.png
User_Interface\DoubleHeadedArrowVertical.png
User_Interface\NextArrow.png
User_Interface\SettingsIcon.png
template\Charcoal_Grey\next_tab.png
template\Charcoal_Grey\glossary_mobile.png
template\Charcoal_Grey\filter_mobile_applied_active.png
template\Charcoal_Grey\next_mobile.png
template\Azure_Blue\search_desktop_active.png
template\Azure_Blue\toc_desktop.png
template\Azure_Blue\glossary_tab.png
template\Azure_Blue\previous_tab_active.png
template\Azure_Blue\search_mobile_navigation.png
template\Desktop_Knowledge_WithHomePage\searchNextHover.png
template\Desktop_Knowledge_WithHomePage\searchPrevHover.png
template\Theme3_Black\search_advanced_open.png
template\Theme3_Black\glo_buttonbar_small.png
template\Theme3_Black\toc_buttonbar_small.png
User_Interface\ChapterChooser.png
Tasks\Administrator_tasks\SynchronizeIcon.png
FontSizeMinus.png
Note_Icon.gif
User_Interface\DownArrowSolid.png
template\Charcoal_Grey\next_active.png
template\Charcoal_Grey\filter_desktop_applied.png
template\Charcoal_Grey\search_tab.png
template\Charcoal_Grey\filter_tab.png
template\Charcoal_Grey\glossary_mobile_active.png
template\Azure_Blue\back_mobile_ltr.png
template\Azure_Blue\back_mobile_rtl.png
template\Azure_Blue\toc_book_open_desktop.png
template\Azure_Blue\toc_book_open_drildown.png
template\Azure_Blue\toc_book_closed_desktop.png
template\Theme1_Standard\BSBack_hover.png
template\Theme1_Standard\Print.png
template\Theme1_Standard\index_hover.png
template\Theme1_Standard\index.png
template\Theme1_Standard\search_hover_buttonbar_small.png
template\Theme1_Standard\toc_hover_buttonbar_small.png
template\Theme1_Standard\topic.png
template\Desktop_Knowledge_WithHomePage\sidebar_bg.png
template\Theme3_Black\TOCTreeOpenBookHover.png
template\Theme3_Black\TOCNodeUpSmall.png
template\Theme3_Black\glo_hover_buttonbar_small.png
template\Theme3_Black\toc_hover_buttonbar_small.png
User_Interface\Likes_YELLOW.png
User_Interface\RepublishButton.png
SelectedCheckBox.png
Concepts\CircularProgressIndicator.png
User_Interface\TextsWithQuestions.png
User_Interface\OverviewIcon.png
User_Interface\SelectedRadioButton.png
template\Charcoal_Grey\top.png
template\Charcoal_Grey\previous_active.png
template\Charcoal_Grey\previous_mobile.png
template\Azure_Blue\index_tab.png
template\Azure_Blue\glossary_mobile.png
template\Azure_Blue\previous_mobile.png
template\Azure_Blue\social_open.png
template\Azure_Blue\filter_nomark.png
template\Theme1_Standard\home.png
template\Theme1_Standard\logo.png
template\Theme1_Standard\to_top.png
template\Desktop_Knowledge_WithHomePage\home_default.png
template\Desktop_Knowledge_WithHomePage\TOCTreePage.png
template\Desktop_Knowledge_WithHomePage\TOCTreeOpenBookHoverSelected.png
template\Theme3_Black\TOCTreeOpenBookSelected.png
template\Theme3_Black\TOCTreeCloseBook.png
template\Theme3_Black\home_hover.png
template\Theme3_Black\ui-bg_glass_95_fef1ec_1x400.png
template\Theme3_Black\TOCNodeCloseBook.png
template\Theme3_Black\open_sidebar.png
template\Theme3_Black\glo_buttonbar.png
template\Theme3_Black\toc_buttonbar.png
User_Interface\ExpandArrow.png
User_Interface\EditPencil.png
User_Interface\ArchiveButton_small.png
User_Interface\QuestionedTextSymbol.png
User_Interface\LikeThumbsUp.png
template\Charcoal_Grey\slider_open_ltr.png
template\Charcoal_Grey\remove-active.png
template\Charcoal_Grey\next.png
template\Charcoal_Grey\slider_open_rtl.png
template\Charcoal_Grey\glossary_desktop.png
template\Charcoal_Grey\filter_mobile_applied.png
template\Charcoal_Grey\filter_mobile.png
template\Charcoal_Grey\search_mobile.png
template\Charcoal_Grey\andsearch_nomark.png
template\Charcoal_Grey\filter_nomark.png
template\Charcoal_Grey\logo.png
template\Charcoal_Grey\filter_clearall.png
template\Azure_Blue\toc_book_closed_mobile.png
template\Theme1_Standard\animated-overlay.gif
template\Theme3_Black\glo.png
template\Theme3_Black\home.png
template\Theme3_Black\toc.png
template\Theme3_Black\logo.png
User_Interface\AnswersIcon.png
Tasks\Administrator_tasks\EditQuestion.png
User_Interface\TryAgainAnswer.png
RecordMikeIcon.png
User_Interface\UploadAnswerAudioFile.png
Important_Icon.gif
template\Charcoal_Grey\search_desktop_navigation.png
template\Azure_Blue\search_tab.png
template\Azure_Blue\andsearch_nomark.png
template\Azure_Blue\idx_topic.png
template\Azure_Blue\toc_topic_mobile.png
template\Theme1_Standard\TOCTreeOpenBookHover.png
template\Desktop_Knowledge_WithHomePage\Print.png
template\Theme3_Black\topic_right.png
template\Theme3_Black\Print_hover.png
template\Theme3_Black\Print.png
template\Theme3_Black\index_hover.png
template\Theme3_Black\index.png
template\Theme3_Black\topic_hover.png
template\Theme3_Black\topic.png
template\Theme3_Black\search_buttonbar.png
User_Interface\SynchronizeIcon.png
Tasks\Basic_tasks\DownArrow.png
User_Interface\ClearedCheckBox.png
Tasks\Community_Checking_tasks\ADDQUESTION.png
User_Interface\UsersIcon.png
User_Interface\ArchivedQustionsIcon.png
Tasks\Administrator_tasks\SynchronizeButton.png
ClearedCheckBox.png
template\Charcoal_Grey\filter_tab_applied.png
template\Charcoal_Grey\search_tab_active.png
template\Charcoal_Grey\filter_tab_active.png
template\Charcoal_Grey\next_tab_active.png
template\Azure_Blue\slider_ltr.png
template\Azure_Blue\slider_rtl.png
template\Azure_Blue\filter_tab.png
template\Azure_Blue\back_mobile_filter.png
template\Azure_Blue\next_mobile_active.png
template\Theme1_Standard\glo.png
template\Theme1_Standard\toc.png
template\Theme1_Standard\ui-icons_217bc0_256x240.png
template\Theme1_Standard\ui-icons_469bdd_256x240.png
template\Desktop_Knowledge_WithHomePage\TOCTreeCloseBookHover.png
template\Theme3_Black\topic_left.png
template\Theme3_Black\ui-bg_flat_55_fbec88_40x100.png
template\Theme3_Black\ui-bg_gloss-wave_55_5c9ccc_500x100.png
User_Interface\PreviousNextButtons.png
User_Interface\ConnectProject.png
User_Interface\SwapBooks.png
User_Interface\QuestionPaneIcon.png
User_Interface\ArrowDOWN.png
template\Charcoal_Grey\toc_link_mobile_ltr.png
template\Charcoal_Grey\index_mobile.png
template\Charcoal_Grey\toc_mobile.png
template\Charcoal_Grey\previous_mobile_active.png
template\Charcoal_Grey\filter_nomark_radio.png
template\Charcoal_Grey\idx_topic.png
template\Charcoal_Grey\toc_book_closed_mobile_rtl.png
template\Azure_Blue\search_topic_desktop.png
template\Azure_Blue\toc_link_mobile_ltr.png
template\Azure_Blue\previous.png
template\Azure_Blue\toc_mobile.png
template\Azure_Blue\filter_nomark_radio.png
template\Azure_Blue\toc_link_desktop_rtl.png
template\Azure_Blue\toc_link_mobile_rtl.png
template\Theme1_Standard\glo_hover.png
template\Theme1_Standard\TOCTreeLinkSelected.png
template\Theme1_Standard\TOCTreeLinkHover.png
template\Theme1_Standard\TOCTreePageSelected.png
template\Theme1_Standard\TOCTreePageHover.png
template\Theme1_Standard\toc_hover.png
template\Theme1_Standard\ui-icons_cd0a0a_256x240.png
template\Theme1_Standard\ui-bg_glass_85_dfeffc_1x400.png
template\Theme1_Standard\glo_hover_buttonbar_small.png
template\Theme1_Standard\glo_buttonbar_hover.png
template\Theme1_Standard\toc_buttonbar_hover.png
template\Desktop_Knowledge_WithHomePage\TOCTreeOpenBook.png
template\Desktop_Knowledge_WithHomePage\searchPrev.png
template\Theme3_Black\TOCTreePage.png
template\Theme3_Black\TOCTreeCloseBookSelected.png
template\Theme3_Black\ui-bg_glass_75_d0e5f5_1x400.png
template\Theme3_Black\ui-bg_glass_85_dfeffc_1x400.png
template\Theme3_Black\ui-bg_flat_0_aaaaaa_40x100.png
template\Theme3_Black\TOCNodeUp.png
template\Theme3_Black\TOCNodePage.png
template\Theme3_Black\search_hover_buttonbar_small.png
User_Interface\Share.png
LikeThumbsUp.png
User_Interface\RightArrow.png
InviteFriendButton.png
template\Charcoal_Grey\andsearch_mark.png
template\Charcoal_Grey\search_mobile_active.png
template\Charcoal_Grey\filter_mobile_active.png
template\Charcoal_Grey\toc_mobile_active.png
template\Charcoal_Grey\toc_book_open_desktop.png
template\Azure_Blue\top.png
template\Azure_Blue\logo.png
template\Theme1_Standard\ui-icons_6da8d5_256x240.png
template\Theme1_Standard\ui-bg_glass_95_fef1ec_1x400.png
template\Theme1_Standard\ui-bg_flat_55_fbec88_40x100.png
template\Theme1_Standard\ui-bg_gloss-wave_55_5c9ccc_500x100.png
template\Theme1_Standard\search_advanced_closed.png
template\Theme1_Standard\search_advanced_open.png
template\Theme1_Standard\open_sidebar.png
template\Theme1_Standard\search_buttonbar_small.png
template\Theme1_Standard\index_hover_buttonbar_small.png
template\Theme1_Standard\search_buttonbar_hover.png
template\Theme3_Black\search_buttonbar_small.png
User_Interface\Resizebar.png
FontSizeControl.png
template\Charcoal_Grey\social_close_ltr.png
template\Charcoal_Grey\toc_link_desktop_ltr.png
template\Charcoal_Grey\print_desktop.png
template\Charcoal_Grey\index_desktop.png
template\Charcoal_Grey\toc_desktop.png
template\Charcoal_Grey\index_tab_active.png
template\Charcoal_Grey\previous_tab_active.png
template\Charcoal_Grey\social_close_rtl.png
template\Charcoal_Grey\toc_link_desktop_rtl.png
template\Azure_Blue\next_tab.png
template\Azure_Blue\index_mobile.png
template\Theme1_Standard\ui-icons_2e83ff_256x240.png
template\Theme1_Standard\TOCTreeLink.png
template\Theme1_Standard\TOCNodeLink.png
template\Theme1_Standard\TOCTreePage.png
template\Theme1_Standard\TOCNodePage.png
template\Theme1_Standard\index_buttonbar_small.png
template\Theme1_Standard\index_buttonbar_hover.png
template\Theme3_Black\glo_hover.png
template\Theme3_Black\TOCTreeLinkHover.png
template\Theme3_Black\toc_hover.png
template\Theme3_Black\searchBack.png
template\Theme3_Black\topic_buttonbar_small.png
template\Theme3_Black\index_buttonbar_small.png
User_Interface\RemoveAudioFile.png
User_Interface\SelectTextAnswer.png
User_Interface\BookIcon.png
User_Interface\HelpIcon.png
Warning_Icon.gif
template\Charcoal_Grey\toc_tab.png
template\Charcoal_Grey\toc_book_open_mobile.png
template\Charcoal_Grey\loading.gif
template\Azure_Blue\remove-active.png
template\Azure_Blue\social_close_ltr.png
template\Azure_Blue\toc_tab.png
template\Azure_Blue\previous_tab.png
template\Azure_Blue\search_mobile.png
template\Azure_Blue\social_close_rtl.png
template\Azure_Blue\andsearch_mark.png
template\Theme1_Standard\TOCTreeCloseBookHover.png
template\Theme1_Standard\Print_hover.png
template\Theme1_Standard\home_hover.png
template\Theme1_Standard\icon_back_small.png
template\Theme3_Black\TOCTreePageSelected.png
template\Theme3_Black\TOCTreeOpenBook.png
template\Theme3_Black\TOCNodeOpenBook.png
template\Theme3_Black\close_sidebar.png
template\Theme3_Black\glo_buttonbar_hover.png
template\Theme3_Black\toc_buttonbar_hover.png
Tasks\Administrator_tasks\EditQuestionDlgBox_-_Copy.png
User_Interface\ConfidenceSlider.png
User_Interface\PreviousArrow.png
User_Interface\AllQuestionsIcon.png
User_Interface\StopRecording.png
ConnectProject.png
template\Charcoal_Grey\glossary_tab_active.png
template\Charcoal_Grey\filter_mark.png
template\Azure_Blue\loading.gif
template\Theme1_Standard\BSNext_hover.png
template\Theme1_Standard\BSBack.png
template\Theme1_Standard\topic_right.png
template\Theme1_Standard\ui-bg_glass_75_d0e5f5_1x400.png
template\Desktop_Knowledge_WithHomePage\TOCTreeLink.png
template\Desktop_Knowledge_WithHomePage\searchNext.png
template\Theme3_Black\index_buttonbar_hover.png
User_Interface\BookIcon2.png
User_Interface\PancakeMenu.png
User_Interface\TranslationSuggestionOn.png
User_Interface\TranslationSuggestionOff.png
User_Interface\T_forTextAnswer.png
User_Interface\YesCheckmark.png
template\Charcoal_Grey\slider_ltr.png
template\Charcoal_Grey\filter_mark_radio.png
template\Azure_Blue\slider_open_ltr.png
template\Azure_Blue\print_desktop.png
template\Azure_Blue\slider_open_rtl.png
template\Azure_Blue\filter_mobile.png
template\Azure_Blue\toc_book_open_mobile.png
template\Azure_Blue\filter_clearall.png
template\Azure_Blue\search_desktop.png
template\Theme1_Standard\Search.png
template\Theme1_Standard\ui-icons_f9bd01_256x240.png
template\Theme1_Standard\ui-bg_inset-hard_100_f5f8f9_1x100.png
template\Theme1_Standard\ui-bg_inset-hard_100_fcfdfd_1x100.png
template\Theme1_Standard\TOCNodeUpSmall.png
template\Theme1_Standard\switch.png
template\Theme3_Black\TOCTreePageHover.png
template\Theme3_Black\search_advanced_closed.png
template\Theme3_Black\index_buttonbar.png
User_Interface\Comments_Orange.png
User_Interface\Answers_GREEN.png
User_Interface\QualityStar_small.png
User_Interface\AdjConfid.png
User_Interface\CopyLink.png
FontSizeMinusPlus.png
template\Charcoal_Grey\filter_desktop.png
template\Charcoal_Grey\back_to_topic.png
template\Charcoal_Grey\next_mobile_active.png
template\Charcoal_Grey\social_open.png
template\Charcoal_Grey\search_desktop.png
template\Azure_Blue\previous_mobile_active.png
template\Theme1_Standard\TOCTreeOpenBook.png
template\Theme1_Standard\TOCNodeOpenBook.png
template\Theme1_Standard\close_sidebar.png
template\Desktop_Knowledge_WithHomePage\TOCTreeLinkHover.png
template\Desktop_Knowledge_WithHomePage\TOCTreePageHover.png
template\Desktop_Knowledge_WithHomePage\TOCTreeCloseBook.png
template\Theme3_Black\TOCTreeLinkSelected.png
template\Theme3_Black\search_buttonbar_hover.png
Concepts\Segments.png
User_Interface\NewQuestionDlgBox.png
RoboHHRE.lng
index.ppf
ehlpdhtm.js
SearchOptions.xml
whxdata\toc1.js
whxdata\toc1.new.js
whxdata\toc2.js
whxdata\toc2.new.js
whxdata\toc4.js
whxdata\toc4.new.js
whxdata\toc5.js
whxdata\toc5.new.js
whxdata\toc6.js
whxdata\toc6.new.js
whxdata\toc7.js
whxdata\toc7.new.js
whxdata\toc3.js
whxdata\toc3.new.js
whxdata\toc8.js
whxdata\toc8.new.js
whxdata\toc.js
whxdata\toc.new.js
whxdata\idata1.js
whxdata\idata1.new.js
whxdata\idata2.js
whxdata\idata2.new.js
whxdata\idata3.js
whxdata\idata3.new.js
whxdata\idx.js
whxdata\idx.new.js
whxdata\glo.js
whxdata\glo.new.js
whxdata\package_0_xml.js
whxdata\package_1_xml.js
whxdata\package_2_xml.js
whxdata\package_3_xml.js
whxdata\package_4_xml.js
whxdata\package_5_xml.js
whxdata\package_6_xml.js
whxdata\package_7_xml.js
whxdata\package_8_xml.js
whxdata\packageindex_xml.js
whxdata\synonym.xml
whxdata\synonym_xml.js
whxdata\topictable_0_xml.js
whxdata\topictable_1_xml.js
whxdata\topictableindex_xml.js
whxdata\whfts.xml
whxdata\whfts_xml.js
whxdata\csh.js
whxdata\window.js
projectdata.js
